<?xml version="1.0" encoding="UTF-8"?>
<testsuite xmlns:xsi="http://www.w3.org/2001/XMLSchema-instance" xsi:noNamespaceSchemaLocation="https://maven.apache.org/surefire/maven-surefire-plugin/xsd/surefire-test-report-3.0.xsd" version="3.0" name="app.ColorTextTest" time="0.115" tests="1" errors="0" skipped="0" failures="0">
  <properties>
[...]
</properties>
  <testcase name="ColorTest" classname="app.ColorTextTest" time="0.022">
    <system-out><![CDATA[&amp#27;[1;30m黑色测试文本&amp#27;[0m
&amp#27;[1;31m红色测试文本&amp#27;[0m
&amp#27;[1;32m绿色测试文本&amp#27;[0m
&amp#27;[1;33m黄色测试文本&amp#27;[0m
&amp#27;[1;34m蓝色测试文本&amp#27;[0m
&amp#27;[1;35m紫红色测试文本&amp#27;[0m
&amp#27;[1;36m青蓝色测试文本&amp#27;[0m
&amp#27;[1;37m白色测试文本&amp#27;[0m
]]></system-out>
  </testcase>
</testsuite>